Arguments: 
  /Users/andreysorokin/.nvm/versions/node/v10.16.3/bin/node /usr/local/Cellar/yarn/1.19.2/libexec/bin/yarn.js

PATH: 
  /Users/andreysorokin/.nvm/versions/node/v10.16.3/bin:/Users/andreysorokin/.rbenv/shims:/Users/andreysorokin/.fastlane/bin:/Users/andreysorokin/.npm-global/bin:/Users/andreysorokin/.rvm/gems/ruby-2.4.6/bin:/Users/andreysorokin/.rvm/gems/ruby-2.4.6@global/bin:/Users/andreysorokin/.rvm/rubies/ruby-2.4.6/bin:/usr/local/bin:/usr/bin:/bin:/usr/sbin:/sbin:/Users/andreysorokin/.nvm/versions/node/v10.16.3/bin:/Users/andreysorokin/.rbenv/shims:/Users/andreysorokin/.fastlane/bin:/Users/andreysorokin/.npm-global/bin:/Users/andreysorokin/.rvm/gems/ruby-2.4.6/bin:/Users/andreysorokin/.rvm/gems/ruby-2.4.6@global/bin:/Users/andreysorokin/.rvm/rubies/ruby-2.4.6/bin:/Users/andreysorokin/.rvm/bin:/Users/andreysorokin/Library/Android/sdk/tools:/Users/andreysorokin/Library/Android/sdk/tools/bin:/Users/andreysorokin/Library/Android/sdk/platform-tools:/Users/andreysorokin/.rvm/bin:/Users/andreysorokin/Library/Android/sdk/tools:/Users/andreysorokin/Library/Android/sdk/tools/bin:/Users/andreysorokin/Library/Android/sdk/platform-tools

Yarn version: 
  1.19.2

Node version: 
  10.16.3

Platform: 
  darwin x64

Trace: 
  SyntaxError: /Users/andreysorokin/Documents/GitHub/react-native-google-pay/package.json: Unexpected token } in JSON at position 338
      at JSON.parse (<anonymous>)
      at /usr/local/Cellar/yarn/1.19.2/libexec/lib/cli.js:1625:59
      at Generator.next (<anonymous>)
      at step (/usr/local/Cellar/yarn/1.19.2/libexec/lib/cli.js:304:30)
      at /usr/local/Cellar/yarn/1.19.2/libexec/lib/cli.js:315:13

npm manifest: 
  {
    "name": "react-native-google-pay",
    "version": "2.0.0",
    "description": "React Native bridge for Google Pay",
    "main": "index.js",
    "scripts": {
      "prettier:fix": "prettier --write '**/*.{js,ts,tsx}'",
      "version": "auto-changelog -p && git add CHANGELOG.md",
      "demo": "cd ./Example && yarn && react-native run-android",
    },
    "keywords": [
      "react-native",
      "google-pay",
      "android-pay",
      "payments",
      "pay"
    ],
    "author": "Andrey Sorokin <sorokin0andrey@gmail.com> (https://github.com/sorokin0andrey)",
    "license": "MIT",
    "nativePackage": true,
    "repository": {
      "type": "git",
      "url": "https://github.com/busfor/react-native-google-pay.git"
    },
    "peerDependencies": {
      "react-native": ">=0.60.0"
    },
    "devDependencies": {
      "prettier": "^1.19.1"
    }
  }

yarn manifest: 
  No manifest

Lockfile: 
  # THIS IS AN AUTOGENERATED FILE. DO NOT EDIT THIS FILE DIRECTLY.
  # yarn lockfile v1
  
  
  prettier@^1.19.1:
    version "1.19.1"
    resolved "https://registry.yarnpkg.com/prettier/-/prettier-1.19.1.tgz#f7d7f5ff8a9cd872a7be4ca142095956a60797cb"
    integrity sha512-s7PoyDv/II1ObgQunCbB9PdLmUcBZcnWOcxDh7O0N/UwDEsHyqkW+Qh28jW+mVuCdx7gLB0BotYI1Y6uI9iyew==
